<?xml version="1.0" encoding="UTF-8"?>
<!-- Generated by org.testng.reporters.JUnitXMLReporter -->
<testsuite ignored="1" hostname="Manikandan" failures="0" tests="3" name="Default test" time="80.234" errors="0" timestamp="2026-06-14T12:24:50 IST">
  <testcase classname="uiTests.TransactionTests" name="addTransactionTest" time="11.937"/>
  <testcase classname="uiTests.TransactionTests" name="addTransactionTest" time="20.339"/>
  <testcase classname="uiTests.TransactionTests" name="addTransactionTest" time="23.483"/>
  <testcase classname="uiTests.TransactionTests" name="deleteTransactionTest" time="0.0">
    <ignored/>
  </testcase> <!-- deleteTransactionTest -->
</testsuite> <!-- Default test -->
