<?xml version="1.0" encoding="UTF-8"?>
<testng-results ignored="0" total="3" passed="3" failed="0" skipped="0">
  <reporter-output>
  </reporter-output>
  <suite started-at="2026-06-14T12:23:30 IST" name="Default suite" finished-at="2026-06-14T12:24:50 IST" duration-ms="80234">
    <groups>
    </groups>
    <test started-at="2026-06-14T12:23:30 IST" name="Default test" finished-at="2026-06-14T12:24:50 IST" duration-ms="80234">
      <class name="uiTests.TransactionTests">
        <test-method is-config="true" signature="setUp()[pri:0, instance:uiTests.TransactionTests@5b12b668]" started-at="2026-06-14T12:23:30 IST" name="setUp" finished-at="2026-06-14T12:23:45 IST" duration-ms="15439" status="PASS">
          <reporter-output>
          </reporter-output>
        </test-method> <!-- setUp -->
        <test-method signature="addTransactionTest(java.util.Map)[pri:0, instance:uiTests.TransactionTests@5b12b668]" started-at="2026-06-14T12:23:45 IST" name="addTransactionTest" data-provider="transactionData" finished-at="2026-06-14T12:23:57 IST" duration-ms="11937" status="PASS">
          <params>
            <param index="0">
              <value>
                <![CDATA[{DestinationAccount=Current Account, Description=tiffen, Category=Food, SourceAccount=Savings Account, Amount=50}]]>
              </value>
            </param>
          </params>
          <reporter-output>
          </reporter-output>
        </test-method> <!-- addTransactionTest -->
        <test-method is-config="true" signature="setUp()[pri:0, instance:uiTests.TransactionTests@5b12b668]" started-at="2026-06-14T12:23:57 IST" name="setUp" finished-at="2026-06-14T12:24:03 IST" duration-ms="5341" status="PASS">
          <reporter-output>
          </reporter-output>
        </test-method> <!-- setUp -->
        <test-method signature="addTransactionTest(java.util.Map)[pri:0, instance:uiTests.TransactionTests@5b12b668]" started-at="2026-06-14T12:24:03 IST" name="addTransactionTest" data-provider="transactionData" finished-at="2026-06-14T12:24:23 IST" duration-ms="20339" status="PASS">
          <params>
            <param index="0">
              <value>
                <![CDATA[{DestinationAccount=Current Account, Description=lunch, Category=Food, SourceAccount=Savings Account, Amount=150}]]>
              </value>
            </param>
          </params>
          <reporter-output>
          </reporter-output>
        </test-method> <!-- addTransactionTest -->
        <test-method is-config="true" signature="setUp()[pri:0, instance:uiTests.TransactionTests@5b12b668]" started-at="2026-06-14T12:24:23 IST" name="setUp" finished-at="2026-06-14T12:24:26 IST" duration-ms="3290" status="PASS">
          <reporter-output>
          </reporter-output>
        </test-method> <!-- setUp -->
        <test-method signature="addTransactionTest(java.util.Map)[pri:0, instance:uiTests.TransactionTests@5b12b668]" started-at="2026-06-14T12:24:27 IST" name="addTransactionTest" data-provider="transactionData" finished-at="2026-06-14T12:24:50 IST" duration-ms="23483" status="PASS">
          <params>
            <param index="0">
              <value>
                <![CDATA[{DestinationAccount=Current Account, Description=dinner, Category=Food, SourceAccount=Savings Account, Amount=100}]]>
              </value>
            </param>
          </params>
          <reporter-output>
          </reporter-output>
        </test-method> <!-- addTransactionTest -->
      </class> <!-- uiTests.TransactionTests -->
    </test> <!-- Default test -->
  </suite> <!-- Default suite -->
</testng-results>
