<?xml version="1.0" encoding="UTF-8"?>
<!-- Generated by org.testng.reporters.JUnitReportReporter -->
<testsuite hostname="Manikandan" failures="0" tests="3" name="uiTests.AccountTests" time="46.008" errors="0" timestamp="2026-06-13T20:49:37 IST" skipped="0">
  <testcase classname="uiTests.AccountTests" name="assetAccountCreationTest" time="18.959"/>
  <testcase classname="uiTests.AccountTests" name="assetAccountCreationTest" time="14.175"/>
  <testcase classname="uiTests.AccountTests" name="assetAccountCreationTest" time="12.874"/>
</testsuite> <!-- uiTests.AccountTests -->
