<?xml version="1.0" encoding="UTF-8"?>
<!-- Generated by org.testng.reporters.JUnitReportReporter -->
<testsuite hostname="Manikandan" failures="0" tests="3" name="uiTests.TransactionTests" time="79.829" errors="0" timestamp="2026-06-14T12:24:51 IST" skipped="0">
  <testcase classname="uiTests.TransactionTests" name="addTransactionTest" time="25.680"/>
  <testcase classname="uiTests.TransactionTests" name="addTransactionTest" time="26.773"/>
  <testcase classname="uiTests.TransactionTests" name="addTransactionTest" time="27.376"/>
</testsuite> <!-- uiTests.TransactionTests -->
