<?xml version="1.0" encoding="UTF-8"?>
<!-- Generated by org.testng.reporters.JUnitReportReporter -->
<testsuite hostname="Manikandan" failures="0" tests="4" name="uiTests.LoginTests" time="29.012" errors="0" timestamp="2026-06-13T20:39:19 IST" skipped="0">
  <testcase classname="uiTests.LoginTests" name="validLoginTest" time="8.768"/>
  <testcase classname="uiTests.LoginTests" name="invalidPasswordTest" time="8.447"/>
  <testcase classname="uiTests.LoginTests" name="missingUsernameTest" time="5.648"/>
  <testcase classname="uiTests.LoginTests" name="unauthorizedAccessTest" time="6.149"/>
</testsuite> <!-- uiTests.LoginTests -->
